#
# There is insufficient memory for the Java Runtime Environment to continue.
# Native memory allocation (malloc) failed to allocate 1193536 bytes for Chunk::new
# Possible reasons:
#   The system is out of physical RAM or swap space
#   In 32 bit mode, the process size limit was hit
# Possible solutions:
#   Reduce memory load on the system
#   Increase physical memory or swap space
#   Check if swap backing store is full
#   Use 64 bit Java on a 64 bit OS
#   Decrease Java heap size (-Xmx/-Xms)
#   Decrease number of Java threads
#   Decrease Java thread stack sizes (-Xss)
#   Set larger code cache with -XX:ReservedCodeCacheSize=
# This output file may be truncated or incomplete.
#
#  Out of Memory Error (allocation.cpp:390), pid=7104, tid=13136
#
# JRE version: Java(TM) SE Runtime Environment (8.0_45-b15) (build 1.8.0_45-b15)
# Java VM: Java HotSpot(TM) 64-Bit Server VM (25.45-b02 mixed mode windows-amd64 compressed oops)
# Failed to write core dump. Minidumps are not enabled by default on client versions of Windows
#

---------------  T H R E A D  ---------------

Current thread (0x00000000179be000):  JavaThread "C2 CompilerThread0" daemon [_thread_in_native, id=13136, stack(0x0000000018f30000,0x0000000019030000)]

Stack: [0x0000000018f30000,0x0000000019030000]
Native frames: (J=compiled Java code, j=interpreted, Vv=VM code, C=native code)
V  [jvm.dll+0x32b57a]
V  [jvm.dll+0x279873]
V  [jvm.dll+0x27a509]
V  [jvm.dll+0x271825]
V  [jvm.dll+0xcb9e2]
V  [jvm.dll+0xcbeac]
V  [jvm.dll+0x476ef2]
V  [jvm.dll+0x4b955f]
V  [jvm.dll+0x46bf81]
V  [jvm.dll+0x46ccbe]
V  [jvm.dll+0x4500f2]
V  [jvm.dll+0xa4352]
V  [jvm.dll+0xa4c8f]
V  [jvm.dll+0x241984]
V  [jvm.dll+0x29853a]
C  [msvcr100.dll+0x21d9f]
C  [msvcr100.dll+0x21e3b]
C  [KERNEL32.DLL+0x13d2]
C  [ntdll.dll+0x154e4]


Current CompileTask:
C2:  40826 3204       4       java.util.ComparableTimSort::sort (219 bytes)


---------------  P R O C E S S  ---------------

Java Threads: ( => current thread )
  0x000000001a00a000 JavaThread "pool-1-thread-1" [_thread_in_Java, id=7816, stack(0x000000001b500000,0x000000001b600000)]
  0x00000000194cd800 JavaThread "pool-2-thread-4" [_thread_in_Java, id=11716, stack(0x000000001b400000,0x000000001b500000)]
  0x000000001962d000 JavaThread "pool-2-thread-3" [_thread_in_Java, id=9096, stack(0x000000001b300000,0x000000001b400000)]
  0x0000000019fb9800 JavaThread "pool-2-thread-2" [_thread_blocked, id=9672, stack(0x000000001b200000,0x000000001b300000)]
  0x0000000019fb9000 JavaThread "pool-3-thread-1" [_thread_blocked, id=4120, stack(0x000000001b100000,0x000000001b200000)]
  0x0000000019fb8000 JavaThread "pool-2-thread-1" [_thread_in_Java, id=6528, stack(0x000000001b000000,0x000000001b100000)]
  0x0000000017a00800 JavaThread "Service Thread" daemon [_thread_blocked, id=4140, stack(0x0000000019630000,0x0000000019730000)]
  0x00000000179c9000 JavaThread "C1 CompilerThread2" daemon [_thread_blocked, id=12672, stack(0x0000000019130000,0x0000000019230000)]
  0x00000000179c6000 JavaThread "C2 CompilerThread1" daemon [_thread_in_native, id=10528, stack(0x0000000019030000,0x0000000019130000)]
=>0x00000000179be000 JavaThread "C2 CompilerThread0" daemon [_thread_in_native, id=13136, stack(0x0000000018f30000,0x0000000019030000)]
  0x00000000179bd000 JavaThread "Attach Listener" daemon [_thread_blocked, id=8292, stack(0x0000000018e30000,0x0000000018f30000)]
  0x00000000179bb800 JavaThread "Signal Dispatcher" daemon [_thread_blocked, id=6896, stack(0x0000000018d30000,0x0000000018e30000)]
  0x0000000002d97000 JavaThread "Finalizer" daemon [_thread_blocked, id=11456, stack(0x0000000018c30000,0x0000000018d30000)]
  0x0000000002d8e000 JavaThread "Reference Handler" daemon [_thread_blocked, id=192, stack(0x0000000018b30000,0x0000000018c30000)]
  0x00000000013fe800 JavaThread "main" [_thread_in_vm, id=9476, stack(0x0000000002ba0000,0x0000000002ca0000)]

Other Threads:
  0x0000000017987800 VMThread [stack: 0x0000000018a30000,0x0000000018b30000] [id=2556]
  0x0000000017a03800 WatcherThread [stack: 0x0000000019730000,0x0000000019830000] [id=10416]

VM state:not at safepoint (normal execution)

VM Mutex/Monitor currently owned by a thread: None

Heap:
 PSYoungGen      total 441856K, used 340112K [0x00000000d5580000, 0x0000000100000000, 0x0000000100000000)
  eden space 231424K, 70% used [0x00000000d5580000,0x00000000df48d498,0x00000000e3780000)
  from space 210432K, 84% used [0x00000000f1b00000,0x00000000fc816ba8,0x00000000fe880000)
  to   space 232960K, 0% used [0x00000000e3780000,0x00000000e3780000,0x00000000f1b00000)
 ParOldGen       total 1211904K, used 794366K [0x0000000080000000, 0x00000000c9f80000, 0x00000000d5580000)
  object space 1211904K, 65% used [0x0000000080000000,0x00000000b07bfbe8,0x00000000c9f80000)
 Metaspace       used 6650K, capacity 7384K, committed 7680K, reserved 1056768K
  class space    used 619K, capacity 656K, committed 768K, reserved 1048576K

Card table byte_map: [0x0000000012160000,0x0000000012570000] byte_map_base: 0x0000000011d60000

Marking Bits: (ParMarkBitMap*) 0x00000000560b4040
 Begin Bits: [0x0000000012c20000, 0x0000000014c20000)
 End Bits:   [0x0000000014c20000, 0x0000000016c20000)

Polling page: 0x00000000011f0000

CodeCache: size=245760Kb used=11447Kb max_used=15231Kb free=234312Kb
 bounds [0x0000000002da0000, 0x0000000003c90000, 0x0000000011da0000]
 total_blobs=2642 nmethods=2374 adapters=180
 compilation: enabled

Compilation events (10 events):
Event: 40.592 Thread 0x00000000179c9000 nmethod 3202 0x0000000003304250 code [0x00000000033043e0, 0x0000000003304828]
Event: 40.615 Thread 0x00000000179c9000 3203       3       java.util.ComparableTimSort::mergeCollapse (101 bytes)
Event: 40.615 Thread 0x00000000179c9000 nmethod 3203 0x0000000003b84290 code [0x0000000003b84420, 0x0000000003b84838]
Event: 40.616 Thread 0x00000000179be000 3204       4       java.util.ComparableTimSort::sort (219 bytes)
Event: 40.696 Thread 0x00000000179c9000 3207       3       java.util.ComparableTimSort::mergeLo (656 bytes)
Event: 40.698 Thread 0x00000000179c9000 nmethod 3207 0x0000000003866f90 code [0x00000000038672e0, 0x0000000003869758]
Event: 40.701 Thread 0x00000000179c9000 3208       3       java.util.ComparableTimSort::mergeHi (729 bytes)
Event: 40.704 Thread 0x00000000179c9000 nmethod 3208 0x00000000036d9610 code [0x00000000036d9960, 0x00000000036dbe78]
Event: 40.710 Thread 0x00000000179c9000 3209       3       com.android.dx.dex.file.EncodedField::equals (26 bytes)
Event: 40.710 Thread 0x00000000179c9000 nmethod 3209 0x00000000030c6610 code [0x00000000030c67a0, 0x00000000030c6d08]

GC Heap History (10 events):
Event: 37.813 GC heap before
{Heap before GC invocations=25 (full 5):
 PSYoungGen      total 465920K, used 232960K [0x00000000d5580000, 0x0000000100000000, 0x0000000100000000)
  eden space 232960K, 100% used [0x00000000d5580000,0x00000000e3900000,0x00000000e3900000)
  from space 232960K, 0% used [0x00000000e3900000,0x00000000e3900000,0x00000000f1c80000)
  to   space 232960K, 0% used [0x00000000f1c80000,0x00000000f1c80000,0x0000000100000000)
 ParOldGen       total 1211904K, used 794366K [0x0000000080000000, 0x00000000c9f80000, 0x00000000d5580000)
  object space 1211904K, 65% used [0x0000000080000000,0x00000000b07bfbe8,0x00000000c9f80000)
 Metaspace       used 6572K, capacity 7288K, committed 7552K, reserved 1056768K
  class space    used 614K, capacity 624K, committed 640K, reserved 1048576K
Event: 37.889 GC heap after
Heap after GC invocations=25 (full 5):
 PSYoungGen      total 458752K, used 104899K [0x00000000d5580000, 0x00000000ff900000, 0x0000000100000000)
  eden space 232960K, 0% used [0x00000000d5580000,0x00000000d5580000,0x00000000e3900000)
  from space 225792K, 46% used [0x00000000f1c80000,0x00000000f82f0d50,0x00000000ff900000)
  to   space 229376K, 0% used [0x00000000e3900000,0x00000000e3900000,0x00000000f1900000)
 ParOldGen       total 1211904K, used 794366K [0x0000000080000000, 0x00000000c9f80000, 0x00000000d5580000)
  object space 1211904K, 65% used [0x0000000080000000,0x00000000b07bfbe8,0x00000000c9f80000)
 Metaspace       used 6572K, capacity 7288K, committed 7552K, reserved 1056768K
  class space    used 614K, capacity 624K, committed 640K, reserved 1048576K
}
Event: 38.334 GC heap before
{Heap before GC invocations=26 (full 5):
 PSYoungGen      total 458752K, used 337859K [0x00000000d5580000, 0x00000000ff900000, 0x0000000100000000)
  eden space 232960K, 100% used [0x00000000d5580000,0x00000000e3900000,0x00000000e3900000)
  from space 225792K, 46% used [0x00000000f1c80000,0x00000000f82f0d50,0x00000000ff900000)
  to   space 229376K, 0% used [0x00000000e3900000,0x00000000e3900000,0x00000000f1900000)
 ParOldGen       total 1211904K, used 794366K [0x0000000080000000, 0x00000000c9f80000, 0x00000000d5580000)
  object space 1211904K, 65% used [0x0000000080000000,0x00000000b07bfbe8,0x00000000c9f80000)
 Metaspace       used 6572K, capacity 7288K, committed 7552K, reserved 1056768K
  class space    used 614K, capacity 624K, committed 640K, reserved 1048576K
Event: 38.421 GC heap after
Heap after GC invocations=26 (full 5):
 PSYoungGen      total 462336K, used 65371K [0x00000000d5580000, 0x00000000ff280000, 0x0000000100000000)
  eden space 232960K, 0% used [0x00000000d5580000,0x00000000d5580000,0x00000000e3900000)
  from space 229376K, 28% used [0x00000000e3900000,0x00000000e78d6f78,0x00000000f1900000)
  to   space 220672K, 0% used [0x00000000f1b00000,0x00000000f1b00000,0x00000000ff280000)
 ParOldGen       total 1211904K, used 794366K [0x0000000080000000, 0x00000000c9f80000, 0x00000000d5580000)
  object space 1211904K, 65% used [0x0000000080000000,0x00000000b07bfbe8,0x00000000c9f80000)
 Metaspace       used 6572K, capacity 7288K, committed 7552K, reserved 1056768K
  class space    used 614K, capacity 624K, committed 640K, reserved 1048576K
}
Event: 38.883 GC heap before
{Heap before GC invocations=27 (full 5):
 PSYoungGen      total 462336K, used 298331K [0x00000000d5580000, 0x00000000ff280000, 0x0000000100000000)
  eden space 232960K, 100% used [0x00000000d5580000,0x00000000e3900000,0x00000000e3900000)
  from space 229376K, 28% used [0x00000000e3900000,0x00000000e78d6f78,0x00000000f1900000)
  to   space 220672K, 0% used [0x00000000f1b00000,0x00000000f1b00000,0x00000000ff280000)
 ParOldGen       total 1211904K, used 794366K [0x0000000080000000, 0x00000000c9f80000, 0x00000000d5580000)
  object space 1211904K, 65% used [0x0000000080000000,0x00000000b07bfbe8,0x00000000c9f80000)
 Metaspace       used 6575K, capacity 7288K, committed 7552K, reserved 1056768K
  class space    used 614K, capacity 624K, committed 640K, reserved 1048576K
Event: 39.012 GC heap after
Heap after GC invocations=27 (full 5):
 PSYoungGen      total 459264K, used 105643K [0x00000000d5580000, 0x00000000fe880000, 0x0000000100000000)
  eden space 248832K, 0% used [0x00000000d5580000,0x00000000d5580000,0x00000000e4880000)
  from space 210432K, 50% used [0x00000000f1b00000,0x00000000f822aec0,0x00000000fe880000)
  to   space 212992K, 0% used [0x00000000e4880000,0x00000000e4880000,0x00000000f1880000)
 ParOldGen       total 1211904K, used 794366K [0x0000000080000000, 0x00000000c9f80000, 0x00000000d5580000)
  object space 1211904K, 65% used [0x0000000080000000,0x00000000b07bfbe8,0x00000000c9f80000)
 Metaspace       used 6575K, capacity 7288K, committed 7552K, reserved 1056768K
  class space    used 614K, capacity 624K, committed 640K, reserved 1048576K
}
Event: 39.471 GC heap before
{Heap before GC invocations=28 (full 5):
 PSYoungGen      total 459264K, used 354475K [0x00000000d5580000, 0x00000000fe880000, 0x0000000100000000)
  eden space 248832K, 100% used [0x00000000d5580000,0x00000000e4880000,0x00000000e4880000)
  from space 210432K, 50% used [0x00000000f1b00000,0x00000000f822aec0,0x00000000fe880000)
  to   space 212992K, 0% used [0x00000000e4880000,0x00000000e4880000,0x00000000f1880000)
 ParOldGen       total 1211904K, used 794366K [0x0000000080000000, 0x00000000c9f80000, 0x00000000d5580000)
  object space 1211904K, 65% used [0x0000000080000000,0x00000000b07bfbe8,0x00000000c9f80000)
 Metaspace       used 6576K, capacity 7288K, committed 7552K, reserved 1056768K
  class space    used 614K, capacity 624K, committed 640K, reserved 1048576K
Event: 39.633 GC heap after
Heap after GC invocations=28 (full 5):
 PSYoungGen      total 461824K, used 140240K [0x00000000d5580000, 0x00000000fe880000, 0x0000000100000000)
  eden space 248832K, 0% used [0x00000000d5580000,0x00000000d5580000,0x00000000e4880000)
  from space 212992K, 65% used [0x00000000e4880000,0x00000000ed174078,0x00000000f1880000)
  to   space 210432K, 0% used [0x00000000f1b00000,0x00000000f1b00000,0x00000000fe880000)
 ParOldGen       total 1211904K, used 794366K [0x0000000080000000, 0x00000000c9f80000, 0x00000000d5580000)
  object space 1211904K, 65% used [0x0000000080000000,0x00000000b07bfbe8,0x00000000c9f80000)
 Metaspace       used 6576K, capacity 7288K, committed 7552K, reserved 1056768K
  class space    used 614K, capacity 624K, committed 640K, reserved 1048576K
}
Event: 40.154 GC heap before
{Heap before GC invocations=29 (full 5):
 PSYoungGen      total 461824K, used 389072K [0x00000000d5580000, 0x00000000fe880000, 0x0000000100000000)
  eden space 248832K, 100% used [0x00000000d5580000,0x00000000e4880000,0x00000000e4880000)
  from space 212992K, 65% used [0x00000000e4880000,0x00000000ed174078,0x00000000f1880000)
  to   space 210432K, 0% used [0x00000000f1b00000,0x00000000f1b00000,0x00000000fe880000)
 ParOldGen       total 1211904K, used 794366K [0x0000000080000000, 0x00000000c9f80000, 0x00000000d5580000)
  object space 1211904K, 65% used [0x0000000080000000,0x00000000b07bfbe8,0x00000000c9f80000)
 Metaspace       used 6633K, capacity 7384K, committed 7680K, reserved 1056768K
  class space    used 619K, capacity 656K, committed 768K, reserved 1048576K
Event: 40.435 GC heap after
Heap after GC invocations=29 (full 5):
 PSYoungGen      total 441856K, used 177242K [0x00000000d5580000, 0x0000000100000000, 0x0000000100000000)
  eden space 231424K, 0% used [0x00000000d5580000,0x00000000d5580000,0x00000000e3780000)
  from space 210432K, 84% used [0x00000000f1b00000,0x00000000fc816ba8,0x00000000fe880000)
  to   space 232960K, 0% used [0x00000000e3780000,0x00000000e3780000,0x00000000f1b00000)
 ParOldGen       total 1211904K, used 794366K [0x0000000080000000, 0x00000000c9f80000, 0x00000000d5580000)
  object space 1211904K, 65% used [0x0000000080000000,0x00000000b07bfbe8,0x00000000c9f80000)
 Metaspace       used 6633K, capacity 7384K, committed 7680K, reserved 1056768K
  class space    used 619K, capacity 656K, committed 768K, reserved 1048576K
}

Deoptimization events (10 events):
Event: 39.868 Thread 0x00000000194cd800 Uncommon trap: reason=bimorphic action=maybe_recompile pc=0x000000000378d698 method=com.android.dx.cf.code.BytecodeArray.parseInstruction(ILcom/android/dx/cf/code/BytecodeArray$Visitor;)I @ 1525
Event: 39.868 Thread 0x00000000194cd800 Uncommon trap: reason=bimorphic action=maybe_recompile pc=0x000000000378d698 method=com.android.dx.cf.code.BytecodeArray.parseInstruction(ILcom/android/dx/cf/code/BytecodeArray$Visitor;)I @ 1525
Event: 39.907 Thread 0x000000001a00a000 Uncommon trap: reason=class_check action=maybe_recompile pc=0x0000000003444e4c method=java.util.Arrays.hashCode([Ljava/lang/Object;)I @ 43
Event: 39.907 Thread 0x000000001a00a000 Uncommon trap: reason=class_check action=maybe_recompile pc=0x0000000003444e4c method=java.util.Arrays.hashCode([Ljava/lang/Object;)I @ 43
Event: 39.907 Thread 0x000000001a00a000 Uncommon trap: reason=class_check action=maybe_recompile pc=0x0000000003444e4c method=java.util.Arrays.hashCode([Ljava/lang/Object;)I @ 43
Event: 39.907 Thread 0x000000001a00a000 Uncommon trap: reason=class_check action=maybe_recompile pc=0x0000000003444e4c method=java.util.Arrays.hashCode([Ljava/lang/Object;)I @ 43
Event: 39.907 Thread 0x000000001a00a000 Uncommon trap: reason=class_check action=maybe_recompile pc=0x0000000003364928 method=java.util.Arrays.hashCode([Ljava/lang/Object;)I @ 43
Event: 39.990 Thread 0x000000001962d000 Uncommon trap: reason=null_check action=make_not_entrant pc=0x0000000003a230d0 method=com.android.dx.rop.cst.CstString.equals(Ljava/lang/Object;)Z @ 1
Event: 40.616 Thread 0x000000001962d000 Uncommon trap: reason=bimorphic action=maybe_recompile pc=0x000000000310957c method=com.android.dx.cf.code.BytecodeArray.parseInstruction(ILcom/android/dx/cf/code/BytecodeArray$Visitor;)I @ 1597
Event: 40.616 Thread 0x000000001962d000 Uncommon trap: reason=bimorphic action=maybe_recompile pc=0x000000000310957c method=com.android.dx.cf.code.BytecodeArray.parseInstruction(ILcom/android/dx/cf/code/BytecodeArray$Visitor;)I @ 1597

Internal exceptions (10 events):
Event: 1.722 Thread 0x000000001962d000 Implicit null exception at 0x00000000032ab453 to 0x00000000032ab5bd
Event: 1.889 Thread 0x00000000194cd800 Exception <a 'java/lang/ArrayIndexOutOfBoundsException': 18> (0x00000000d819fad0) thrown at [C:\re\workspace\8-2-build-windows-amd64-cygwin\jdk8u45\3627\hotspot\src\share\vm\interpreter\interpreterRuntime.cpp, line 366]
Event: 1.889 Thread 0x00000000194cd800 Exception <a 'java/lang/ArrayIndexOutOfBoundsException': 145> (0x00000000d81a15a0) thrown at [C:\re\workspace\8-2-build-windows-amd64-cygwin\jdk8u45\3627\hotspot\src\share\vm\interpreter\interpreterRuntime.cpp, line 366]
Event: 1.893 Thread 0x00000000194cd800 Exception <a 'java/lang/ArrayIndexOutOfBoundsException'> (0x00000000d81a27d8) thrown at [C:\re\workspace\8-2-build-windows-amd64-cygwin\jdk8u45\3627\hotspot\src\share\vm\runtime\sharedRuntime.cpp, line 605]
Event: 11.893 Thread 0x000000001962d000 Implicit null exception at 0x00000000037d096d to 0x00000000037d0b11
Event: 16.619 Thread 0x00000000013fe800 Implicit null exception at 0x0000000002f53341 to 0x0000000002f53c61
Event: 22.191 Thread 0x0000000019fb8000 Implicit null exception at 0x0000000003988a84 to 0x000000000398fd59
Event: 25.432 Thread 0x0000000019fb9800 Implicit null exception at 0x00000000034ce1a5 to 0x00000000034d198d
Event: 38.245 Thread 0x0000000019fb8000 Implicit null exception at 0x0000000003743fec to 0x000000000374400e
Event: 39.990 Thread 0x000000001962d000 Implicit null exception at 0x0000000003a22fcc to 0x0000000003a230c2

Events (10 events):
Event: 39.990 Thread 0x000000001962d000 DEOPT PACKING pc=0x0000000003a230d0 sp=0x000000001b3feb40
Event: 39.990 Thread 0x000000001962d000 DEOPT UNPACKING pc=0x0000000002de582a sp=0x000000001b3feac8 mode 2
Event: 40.154 Executing VM operation: ParallelGCFailedAllocation
Event: 40.435 Executing VM operation: ParallelGCFailedAllocation done
Event: 40.616 Thread 0x000000001962d000 Uncommon trap: trap_request=0xffffffc6 fr.pc=0x000000000310957c
Event: 40.616 Thread 0x000000001962d000 DEOPT PACKING pc=0x000000000310957c sp=0x000000001b3feb90
Event: 40.616 Thread 0x000000001962d000 DEOPT UNPACKING pc=0x0000000002de582a sp=0x000000001b3feb28 mode 2
Event: 40.616 Thread 0x000000001962d000 Uncommon trap: trap_request=0xffffffc6 fr.pc=0x000000000310957c
Event: 40.616 Thread 0x000000001962d000 DEOPT PACKING pc=0x000000000310957c sp=0x000000001b3fe970
Event: 40.616 Thread 0x000000001962d000 DEOPT UNPACKING pc=0x0000000002de582a sp=0x000000001b3fe908 mode 2


Dynamic libraries:
0x00007ff65f0f0000 - 0x00007ff65f127000 	C:\Program Files\Java\jdk1.8.0_45\bin\java.exe
0x00007ff897d80000 - 0x00007ff897f2d000 	C:\Windows\SYSTEM32\ntdll.dll
0x00007ff895b40000 - 0x00007ff895c7e000 	C:\Windows\system32\KERNEL32.DLL
0x00007ff8950b0000 - 0x00007ff8951c5000 	C:\Windows\system32\KERNELBASE.dll
0x00007ff893a40000 - 0x00007ff893ace000 	C:\Windows\system32\apphelp.dll
0x00007ff87fcf0000 - 0x00007ff87fd43000 	C:\Windows\AppPatch\AppPatch64\AcGenral.DLL
0x00007ff895530000 - 0x00007ff8955da000 	C:\Windows\system32\msvcrt.dll
0x00007ff894fd0000 - 0x00007ff894ffe000 	C:\Windows\system32\SspiCli.dll
0x00007ff897350000 - 0x00007ff8973a4000 	C:\Windows\system32\SHLWAPI.dll
0x00007ff897c00000 - 0x00007ff897d77000 	C:\Windows\system32\USER32.dll
0x00007ff8959a0000 - 0x00007ff895b34000 	C:\Windows\system32\ole32.dll
0x00007ff895c80000 - 0x00007ff8971aa000 	C:\Windows\system32\SHELL32.dll
0x00007ff8944c0000 - 0x00007ff8944e1000 	C:\Windows\SYSTEM32\USERENV.dll
0x00007ff895480000 - 0x00007ff89552a000 	C:\Windows\system32\ADVAPI32.dll
0x00007ff886bb0000 - 0x00007ff886bce000 	C:\Windows\SYSTEM32\MPR.dll
0x00007ff897210000 - 0x00007ff897350000 	C:\Windows\system32\RPCRT4.dll
0x00007ff895410000 - 0x00007ff895469000 	C:\Windows\SYSTEM32\sechost.dll
0x00007ff897760000 - 0x00007ff897971000 	C:\Windows\SYSTEM32\combase.dll
0x00007ff895850000 - 0x00007ff8959a0000 	C:\Windows\system32\GDI32.dll
0x00007ff894eb0000 - 0x00007ff894ec5000 	C:\Windows\SYSTEM32\profapi.dll
0x00007ff8933f0000 - 0x00007ff8934a2000 	C:\Windows\SYSTEM32\SHCORE.dll
0x00007ff8979e0000 - 0x00007ff897a16000 	C:\Windows\system32\IMM32.DLL
0x00007ff8974e0000 - 0x00007ff897632000 	C:\Windows\system32\MSCTF.dll
0x00007ff894e60000 - 0x00007ff894e91000 	C:\Windows\system32\nvinitx.dll
0x00007ff88ff60000 - 0x00007ff89005c000 	C:\Windows\system32\NV\igdumdim64.dll
0x00007ff897a20000 - 0x00007ff897bfa000 	C:\Windows\system32\SETUPAPI.dll
0x00007ff894f80000 - 0x00007ff894fcf000 	C:\Windows\system32\CFGMGR32.dll
0x00007ff88dfe0000 - 0x00007ff88e0dc000 	C:\Windows\system32\NV\igd10iumd64.dll
0x00007ff892d70000 - 0x00007ff892feb000 	C:\Windows\WinSxS\amd64_microsoft.windows.common-controls_6595b64144ccf1df_6.0.9600.18006_none_623f33d3ecbe86e8\COMCTL32.dll
0x0000000055430000 - 0x0000000055502000 	C:\Program Files\Java\jdk1.8.0_45\jre\bin\msvcr100.dll
0x00000000558b0000 - 0x0000000056133000 	C:\Program Files\Java\jdk1.8.0_45\jre\bin\server\jvm.dll
0x00007ff8930c0000 - 0x00007ff8930c9000 	C:\Windows\SYSTEM32\WSOCK32.dll
0x00007ff8921d0000 - 0x00007ff8921f2000 	C:\Windows\SYSTEM32\WINMM.dll
0x00007ff892200000 - 0x00007ff89220a000 	C:\Windows\SYSTEM32\VERSION.dll
0x00007ff895470000 - 0x00007ff895477000 	C:\Windows\system32\PSAPI.DLL
0x00007ff897980000 - 0x00007ff8979da000 	C:\Windows\system32\WS2_32.dll
0x00007ff8913f0000 - 0x00007ff89141a000 	C:\Windows\SYSTEM32\WINMMBASE.dll
0x00007ff897640000 - 0x00007ff897649000 	C:\Windows\system32\NSI.dll
0x00007ff893c90000 - 0x00007ff893cb8000 	C:\Windows\SYSTEM32\DEVOBJ.dll
0x00000000558a0000 - 0x00000000558af000 	C:\Program Files\Java\jdk1.8.0_45\jre\bin\verify.dll
0x0000000055870000 - 0x0000000055899000 	C:\Program Files\Java\jdk1.8.0_45\jre\bin\java.dll
0x0000000055850000 - 0x0000000055866000 	C:\Program Files\Java\jdk1.8.0_45\jre\bin\zip.dll
0x00007ff88a290000 - 0x00007ff88a419000 	C:\Windows\SYSTEM32\dbghelp.dll

VM Arguments:
jvm_args: -Xmx2g -Dfile.encoding=windows-1252 -Duser.country=US -Duser.language=en -Duser.variant 
java_command: com.android.dx.command.Main --dex --num-threads=4 --multi-dex --main-dex-list C:\Users\yassin baccour\Desktop\AllahWaterRipple\app\build\intermediates\multi-dex\debug\maindexlist.txt --output C:\Users\yassin baccour\Desktop\AllahWaterRipple\app\build\intermediates\dex\debug C:\Users\yassin baccour\Desktop\AllahWaterRipple\app\build\intermediates\multi-dex\debug\allclasses.jar
java_class_path (initial): C:\android-sdk\build-tools\23.0.3\lib\dx.jar
Launcher Type: SUN_STANDARD

Environment Variables:
JAVA_HOME=C:\Program Files\Java\jdk1.8.0_45\jre
PATH=C:\ProgramData\Oracle\Java\javapath;C:\Program Files (x86)\NVIDIA Corporation\PhysX\Common;C:\Program Files (x86)\Intel\iCLS Client\;C:\Program Files\Intel\iCLS Client\;C:\Windows\system32;C:\Windows;C:\Windows\System32\Wbem;C:\Windows\System32\WindowsPowerShell\v1.0\;C:\Program Files\Intel\Intel(R) Management Engine Components\DAL;C:\Program Files (x86)\Intel\Intel(R) Management Engine Components\DAL;C:\Program Files\Intel\Intel(R) Management Engine Components\IPT;C:\Program Files (x86)\Intel\Intel(R) Management Engine Components\IPT;C:\Program Files (x86)\Windows Kits\8.1\Windows Performance Toolkit\;C:\Program Files\Microsoft SQL Server\110\Tools\Binn\;C:\Program Files\Microsoft\Web Platform Installer\;C:\Program Files (x86)\GtkSharp\2.12\bin;C:\Program Files (x86)\Microsoft Team Foundation Server 2013 Power Tools\;C:\Program Files (x86)\Microsoft SDKs\TypeScript\1.4\;C:\Program Files (x86)\Microsoft SDKs\TypeScript\1.1\;C:\Program Files (x86)\Java\jre1.8.0_45\bin;C:\Program Files (x86)\Java\jdk1.8.0_45\bin;C:\Program Files\Java\jre1.8.0_45\bin;C:\Program Files\Java\jdk1.8.0_45\bin;C:\Program Files (x86)\Windows Live\Shared;C:\openssl;C:\openssl\bin;C:\Program Files (x86)\Skype\Phone\;C:\Program Files (x86)\Microsoft SDKs\TypeScript\1.0\;C:\Program Files\Microsoft SQL Server\120\Tools\Binn\;C:\Program Files (x86)\HMA! Pro VPN\bin
USERNAME=yassin baccour
OS=Windows_NT
PROCESSOR_IDENTIFIER=Intel64 Family 6 Model 58 Stepping 9, GenuineIntel



---------------  S Y S T E M  ---------------

OS: Windows 8.1 , 64 bit Build 9600 (6.3.9600.17415)

CPU:total 4 (2 cores per cpu, 2 threads per core) family 6 model 58 stepping 9, cmov, cx8, fxsr, mmx, sse, sse2, sse3, ssse3, sse4.1, sse4.2, popcnt, avx, aes, clmul, erms, ht, tsc, tscinvbit, tscinv

Memory: 4k page, physical 8288616k(914124k free), swap 11434344k(5160k free)

vm_info: Java HotSpot(TM) 64-Bit Server VM (25.45-b02) for windows-amd64 JRE (1.8.0_45-b15), built on Apr 30 2015 12:40:44 by "java_re" with MS VC++ 10.0 (VS2010)

time: Mon Jun 13 13:54:18 2016
elapsed time: 40 seconds (0d 0h 0m 40s)

