#
# There is insufficient memory for the Java Runtime Environment to continue.
# Native memory allocation (malloc) failed to allocate 734976 bytes for Chunk::new
# Possible reasons:
#   The system is out of physical RAM or swap space
#   In 32 bit mode, the process size limit was hit
# Possible solutions:
#   Reduce memory load on the system
#   Increase physical memory or swap space
#   Check if swap backing store is full
#   Use 64 bit Java on a 64 bit OS
#   Decrease Java heap size (-Xmx/-Xms)
#   Decrease number of Java threads
#   Decrease Java thread stack sizes (-Xss)
#   Set larger code cache with -XX:ReservedCodeCacheSize=
# This output file may be truncated or incomplete.
#
#  Out of Memory Error (allocation.cpp:390), pid=19312, tid=27604
#
# JRE version: Java(TM) SE Runtime Environment (8.0_45-b15) (build 1.8.0_45-b15)
# Java VM: Java HotSpot(TM) 64-Bit Server VM (25.45-b02 mixed mode windows-amd64 compressed oops)
# Failed to write core dump. Minidumps are not enabled by default on client versions of Windows
#

---------------  T H R E A D  ---------------

Current thread (0x0000000017264800):  JavaThread "C2 CompilerThread1" daemon [_thread_in_native, id=27604, stack(0x00000000188c0000,0x00000000189c0000)]

Stack: [0x00000000188c0000,0x00000000189c0000]
Native frames: (J=compiled Java code, j=interpreted, Vv=VM code, C=native code)
V  [jvm.dll+0x32b57a]
V  [jvm.dll+0x279873]
V  [jvm.dll+0x27a509]
V  [jvm.dll+0x271825]
V  [jvm.dll+0xcb9e2]
V  [jvm.dll+0xcbeac]
V  [jvm.dll+0x476ef2]
V  [jvm.dll+0x4b955f]
V  [jvm.dll+0x46b6b5]
V  [jvm.dll+0x46ccbe]
V  [jvm.dll+0x4500f2]
V  [jvm.dll+0xa4352]
V  [jvm.dll+0xa4c8f]
V  [jvm.dll+0x241984]
V  [jvm.dll+0x29853a]
C  [msvcr100.dll+0x21d9f]
C  [msvcr100.dll+0x21e3b]
C  [KERNEL32.DLL+0x13d2]
C  [ntdll.dll+0x154e4]


Current CompileTask:
C2:  17027 2470       4       com.android.dx.ssa.ConstCollector::getConstsSortedByCountUse (386 bytes)


---------------  P R O C E S S  ---------------

Java Threads: ( => current thread )
  0x000000001953b800 JavaThread "pool-2-thread-4" [_thread_blocked, id=32208, stack(0x000000001ac90000,0x000000001ad90000)]
  0x0000000019472800 JavaThread "pool-2-thread-3" [_thread_blocked, id=30124, stack(0x000000001ab90000,0x000000001ac90000)]
  0x0000000019494000 JavaThread "pool-2-thread-2" [_thread_blocked, id=28984, stack(0x000000001aa90000,0x000000001ab90000)]
  0x0000000019490000 JavaThread "pool-3-thread-1" [_thread_blocked, id=10388, stack(0x000000001a990000,0x000000001aa90000)]
  0x0000000018ea3800 JavaThread "pool-2-thread-1" [_thread_blocked, id=26876, stack(0x000000001a890000,0x000000001a990000)]
  0x00000000172be000 JavaThread "Service Thread" daemon [_thread_blocked, id=19772, stack(0x0000000018ec0000,0x0000000018fc0000)]
  0x0000000017268000 JavaThread "C1 CompilerThread2" daemon [_thread_blocked, id=8900, stack(0x00000000189c0000,0x0000000018ac0000)]
=>0x0000000017264800 JavaThread "C2 CompilerThread1" daemon [_thread_in_native, id=27604, stack(0x00000000188c0000,0x00000000189c0000)]
  0x000000001725e800 JavaThread "C2 CompilerThread0" daemon [_thread_in_native, id=14940, stack(0x00000000187c0000,0x00000000188c0000)]
  0x000000001725d000 JavaThread "Attach Listener" daemon [_thread_blocked, id=32852, stack(0x00000000186c0000,0x00000000187c0000)]
  0x000000001725b800 JavaThread "Signal Dispatcher" daemon [_thread_blocked, id=26144, stack(0x00000000185c0000,0x00000000186c0000)]
  0x0000000002637000 JavaThread "Finalizer" daemon [_thread_blocked, id=24572, stack(0x00000000184c0000,0x00000000185c0000)]
  0x000000000262e000 JavaThread "Reference Handler" daemon [_thread_blocked, id=13568, stack(0x00000000183c0000,0x00000000184c0000)]
  0x000000000236e800 JavaThread "main" [_thread_blocked, id=15752, stack(0x0000000002440000,0x0000000002540000)]

Other Threads:
  0x0000000017227800 VMThread [stack: 0x00000000182c0000,0x00000000183c0000] [id=17036]
  0x0000000018af0800 WatcherThread [stack: 0x0000000018fc0000,0x00000000190c0000] [id=22552]

VM state:not at safepoint (normal execution)

VM Mutex/Monitor currently owned by a thread: None

Heap:
 PSYoungGen      total 386048K, used 153405K [0x00000000d5580000, 0x00000000f8300000, 0x0000000100000000)
  eden space 292352K, 20% used [0x00000000d5580000,0x00000000d8fd5020,0x00000000e7300000)
  from space 93696K, 99% used [0x00000000e7300000,0x00000000ece7a4c0,0x00000000ece80000)
  to   space 114688K, 0% used [0x00000000f1300000,0x00000000f1300000,0x00000000f8300000)
 ParOldGen       total 242176K, used 180378K [0x0000000080000000, 0x000000008ec80000, 0x00000000d5580000)
  object space 242176K, 74% used [0x0000000080000000,0x000000008b026a70,0x000000008ec80000)
 Metaspace       used 6575K, capacity 7320K, committed 7680K, reserved 1056768K
  class space    used 618K, capacity 656K, committed 768K, reserved 1048576K

Card table byte_map: [0x0000000011a00000,0x0000000011e10000] byte_map_base: 0x0000000011600000

Marking Bits: (ParMarkBitMap*) 0x00000000560b4040
 Begin Bits: [0x00000000124c0000, 0x00000000144c0000)
 End Bits:   [0x00000000144c0000, 0x00000000164c0000)

Polling page: 0x0000000002310000

CodeCache: size=245760Kb used=11567Kb max_used=11567Kb free=234192Kb
 bounds [0x0000000002640000, 0x00000000031a0000, 0x0000000011640000]
 total_blobs=2658 nmethods=2390 adapters=180
 compilation: enabled

Compilation events (10 events):
Event: 16.350 Thread 0x0000000017268000 2510   !   3       com.android.dx.cf.code.RopperMachine::run (1550 bytes)
Event: 16.375 Thread 0x0000000017268000 nmethod 2510 0x0000000003161810 code [0x0000000003162a40, 0x00000000031717a8]
Event: 16.410 Thread 0x0000000017268000 2511 %     3       com.android.dx.ssa.LocalVariableExtractor::processBlock @ 322 (383 bytes)
Event: 16.412 Thread 0x0000000017264800 nmethod 2429 0x000000000317fc10 code [0x0000000003180140, 0x0000000003183bd0]
Event: 16.413 Thread 0x0000000017264800 2470       4       com.android.dx.ssa.ConstCollector::getConstsSortedByCountUse (386 bytes)
Event: 16.415 Thread 0x0000000017268000 nmethod 2511% 0x000000000318ba50 code [0x000000000318bf00, 0x000000000318f5c8]
Event: 16.415 Thread 0x0000000017268000 2512       2       com.android.dx.ssa.LocalVariableInfo::mutableCopyOfStarts (29 bytes)
Event: 16.415 Thread 0x0000000017268000 nmethod 2512 0x0000000003129e90 code [0x000000000312a020, 0x000000000312a3b8]
Event: 16.417 Thread 0x0000000017268000 2513       3       com.android.dx.ssa.LocalVariableExtractor::processBlock (383 bytes)
Event: 16.422 Thread 0x0000000017268000 nmethod 2513 0x0000000003191dd0 code [0x00000000031922a0, 0x0000000003195a38]

GC Heap History (10 events):
Event: 7.439 GC heap before
{Heap before GC invocations=9 (full 1):
 PSYoungGen      total 283136K, used 23544K [0x00000000d5580000, 0x00000000e9480000, 0x0000000100000000)
  eden space 259584K, 0% used [0x00000000d5580000,0x00000000d5580000,0x00000000e5300000)
  from space 23552K, 99% used [0x00000000e7080000,0x00000000e877e210,0x00000000e8780000)
  to   space 30208K, 0% used [0x00000000e5300000,0x00000000e5300000,0x00000000e7080000)
 ParOldGen       total 105984K, used 105561K [0x0000000080000000, 0x0000000086780000, 0x00000000d5580000)
  object space 105984K, 99% used [0x0000000080000000,0x0000000086716750,0x0000000086780000)
 Metaspace       used 6509K, capacity 7288K, committed 7552K, reserved 1056768K
  class space    used 612K, capacity 624K, committed 640K, reserved 1048576K
Event: 8.761 GC heap after
Heap after GC invocations=9 (full 1):
 PSYoungGen      total 283136K, used 17803K [0x00000000d5580000, 0x00000000e9480000, 0x0000000100000000)
  eden space 259584K, 0% used [0x00000000d5580000,0x00000000d5580000,0x00000000e5300000)
  from space 23552K, 75% used [0x00000000e7080000,0x00000000e81e2ee0,0x00000000e8780000)
  to   space 30208K, 0% used [0x00000000e5300000,0x00000000e5300000,0x00000000e7080000)
 ParOldGen       total 105984K, used 105635K [0x0000000080000000, 0x0000000086780000, 0x00000000d5580000)
  object space 105984K, 99% used [0x0000000080000000,0x0000000086728f48,0x0000000086780000)
 Metaspace       used 6509K, capacity 7288K, committed 7552K, reserved 1056768K
  class space    used 612K, capacity 624K, committed 640K, reserved 1048576K
}
Event: 10.630 GC heap before
{Heap before GC invocations=10 (full 2):
 PSYoungGen      total 283136K, used 277387K [0x00000000d5580000, 0x00000000e9480000, 0x0000000100000000)
  eden space 259584K, 100% used [0x00000000d5580000,0x00000000e5300000,0x00000000e5300000)
  from space 23552K, 75% used [0x00000000e7080000,0x00000000e81e2ee0,0x00000000e8780000)
  to   space 30208K, 0% used [0x00000000e5300000,0x00000000e5300000,0x00000000e7080000)
 ParOldGen       total 105984K, used 105635K [0x0000000080000000, 0x0000000086780000, 0x00000000d5580000)
  object space 105984K, 99% used [0x0000000080000000,0x0000000086728f48,0x0000000086780000)
 Metaspace       used 6527K, capacity 7288K, committed 7552K, reserved 1056768K
  class space    used 612K, capacity 624K, committed 640K, reserved 1048576K
Event: 11.651 GC heap after
Heap after GC invocations=10 (full 2):
 PSYoungGen      total 283136K, used 55190K [0x00000000d5580000, 0x00000000e9480000, 0x0000000100000000)
  eden space 259584K, 21% used [0x00000000d5580000,0x00000000d8b65838,0x00000000e5300000)
  from space 23552K, 0% used [0x00000000e7080000,0x00000000e7080000,0x00000000e8780000)
  to   space 30208K, 0% used [0x00000000e5300000,0x00000000e5300000,0x00000000e7080000)
 ParOldGen       total 242176K, used 105974K [0x0000000080000000, 0x000000008ec80000, 0x00000000d5580000)
  object space 242176K, 43% used [0x0000000080000000,0x000000008677d988,0x000000008ec80000)
 Metaspace       used 6527K, capacity 7288K, committed 7552K, reserved 1056768K
  class space    used 612K, capacity 624K, committed 640K, reserved 1048576K
}
Event: 12.805 GC heap before
{Heap before GC invocations=11 (full 2):
 PSYoungGen      total 283136K, used 259584K [0x00000000d5580000, 0x00000000e9480000, 0x0000000100000000)
  eden space 259584K, 100% used [0x00000000d5580000,0x00000000e5300000,0x00000000e5300000)
  from space 23552K, 0% used [0x00000000e7080000,0x00000000e7080000,0x00000000e8780000)
  to   space 30208K, 0% used [0x00000000e5300000,0x00000000e5300000,0x00000000e7080000)
 ParOldGen       total 242176K, used 105974K [0x0000000080000000, 0x000000008ec80000, 0x00000000d5580000)
  object space 242176K, 43% used [0x0000000080000000,0x000000008677d988,0x000000008ec80000)
 Metaspace       used 6529K, capacity 7288K, committed 7552K, reserved 1056768K
  class space    used 612K, capacity 624K, committed 640K, reserved 1048576K
Event: 13.037 GC heap after
Heap after GC invocations=11 (full 2):
 PSYoungGen      total 289792K, used 30202K [0x00000000d5580000, 0x00000000f2500000, 0x0000000100000000)
  eden space 259584K, 0% used [0x00000000d5580000,0x00000000d5580000,0x00000000e5300000)
  from space 30208K, 99% used [0x00000000e5300000,0x00000000e707ea28,0x00000000e7080000)
  to   space 88576K, 0% used [0x00000000ece80000,0x00000000ece80000,0x00000000f2500000)
 ParOldGen       total 242176K, used 159095K [0x0000000080000000, 0x000000008ec80000, 0x00000000d5580000)
  object space 242176K, 65% used [0x0000000080000000,0x0000000089b5dc88,0x000000008ec80000)
 Metaspace       used 6529K, capacity 7288K, committed 7552K, reserved 1056768K
  class space    used 612K, capacity 624K, committed 640K, reserved 1048576K
}
Event: 14.988 GC heap before
{Heap before GC invocations=12 (full 2):
 PSYoungGen      total 289792K, used 289786K [0x00000000d5580000, 0x00000000f2500000, 0x0000000100000000)
  eden space 259584K, 100% used [0x00000000d5580000,0x00000000e5300000,0x00000000e5300000)
  from space 30208K, 99% used [0x00000000e5300000,0x00000000e707ea28,0x00000000e7080000)
  to   space 88576K, 0% used [0x00000000ece80000,0x00000000ece80000,0x00000000f2500000)
 ParOldGen       total 242176K, used 159095K [0x0000000080000000, 0x000000008ec80000, 0x00000000d5580000)
  object space 242176K, 65% used [0x0000000080000000,0x0000000089b5dc88,0x000000008ec80000)
 Metaspace       used 6533K, capacity 7288K, committed 7552K, reserved 1056768K
  class space    used 613K, capacity 624K, committed 640K, reserved 1048576K
Event: 15.179 GC heap after
Heap after GC invocations=12 (full 2):
 PSYoungGen      total 380928K, used 61012K [0x00000000d5580000, 0x00000000f3000000, 0x0000000100000000)
  eden space 292352K, 0% used [0x00000000d5580000,0x00000000d5580000,0x00000000e7300000)
  from space 88576K, 68% used [0x00000000ece80000,0x00000000f0a15280,0x00000000f2500000)
  to   space 93696K, 0% used [0x00000000e7300000,0x00000000e7300000,0x00000000ece80000)
 ParOldGen       total 242176K, used 167067K [0x0000000080000000, 0x000000008ec80000, 0x00000000d5580000)
  object space 242176K, 68% used [0x0000000080000000,0x000000008a326e50,0x000000008ec80000)
 Metaspace       used 6533K, capacity 7288K, committed 7552K, reserved 1056768K
  class space    used 613K, capacity 624K, committed 640K, reserved 1048576K
}
Event: 16.423 GC heap before
{Heap before GC invocations=13 (full 2):
 PSYoungGen      total 380928K, used 353364K [0x00000000d5580000, 0x00000000f3000000, 0x0000000100000000)
  eden space 292352K, 100% used [0x00000000d5580000,0x00000000e7300000,0x00000000e7300000)
  from space 88576K, 68% used [0x00000000ece80000,0x00000000f0a15280,0x00000000f2500000)
  to   space 93696K, 0% used [0x00000000e7300000,0x00000000e7300000,0x00000000ece80000)
 ParOldGen       total 242176K, used 167067K [0x0000000080000000, 0x000000008ec80000, 0x00000000d5580000)
  object space 242176K, 68% used [0x0000000080000000,0x000000008a326e50,0x000000008ec80000)
 Metaspace       used 6541K, capacity 7288K, committed 7552K, reserved 1056768K
  class space    used 613K, capacity 624K, committed 640K, reserved 1048576K
Event: 16.627 GC heap after
Heap after GC invocations=13 (full 2):
 PSYoungGen      total 386048K, used 93673K [0x00000000d5580000, 0x00000000f8300000, 0x0000000100000000)
  eden space 292352K, 0% used [0x00000000d5580000,0x00000000d5580000,0x00000000e7300000)
  from space 93696K, 99% used [0x00000000e7300000,0x00000000ece7a4c0,0x00000000ece80000)
  to   space 114688K, 0% used [0x00000000f1300000,0x00000000f1300000,0x00000000f8300000)
 ParOldGen       total 242176K, used 180378K [0x0000000080000000, 0x000000008ec80000, 0x00000000d5580000)
  object space 242176K, 74% used [0x0000000080000000,0x000000008b026a70,0x000000008ec80000)
 Metaspace       used 6541K, capacity 7288K, committed 7552K, reserved 1056768K
  class space    used 613K, capacity 624K, committed 640K, reserved 1048576K
}

Deoptimization events (10 events):
Event: 7.203 Thread 0x000000001953b800 Uncommon trap: reason=unstable_if action=reinterpret pc=0x0000000002f02b48 method=com.android.dx.ssa.DeadCodeRemover.pruneDeadInstructions()V @ 49
Event: 7.204 Thread 0x000000001953b800 Uncommon trap: reason=unstable_if action=reinterpret pc=0x0000000002d8f330 method=com.android.dx.ssa.DeadCodeRemover.pruneDeadInstructions()V @ 49
Event: 12.013 Thread 0x0000000019494000 Uncommon trap: reason=bimorphic action=maybe_recompile pc=0x00000000030191c4 method=com.android.dx.cf.code.BytecodeArray.parseInstruction(ILcom/android/dx/cf/code/BytecodeArray$Visitor;)I @ 2554
Event: 12.013 Thread 0x0000000019494000 Uncommon trap: reason=bimorphic action=maybe_recompile pc=0x00000000030191c4 method=com.android.dx.cf.code.BytecodeArray.parseInstruction(ILcom/android/dx/cf/code/BytecodeArray$Visitor;)I @ 2554
Event: 12.237 Thread 0x0000000019472800 Uncommon trap: reason=unstable_if action=reinterpret pc=0x0000000002ea665c method=com.android.dx.cf.code.RopperMachine.run(Lcom/android/dx/cf/code/Frame;II)V @ 1148
Event: 12.525 Thread 0x0000000019472800 Uncommon trap: reason=class_check action=maybe_recompile pc=0x0000000002fe9618 method=com.android.dx.ssa.SCCP.simulateBranch(Lcom/android/dx/ssa/SsaInsn;)V @ 339
Event: 12.541 Thread 0x0000000019472800 Uncommon trap: reason=class_check action=maybe_recompile pc=0x0000000002fe9618 method=com.android.dx.ssa.SCCP.simulateBranch(Lcom/android/dx/ssa/SsaInsn;)V @ 339
Event: 15.266 Thread 0x000000001953b800 Uncommon trap: reason=bimorphic action=maybe_recompile pc=0x0000000002da5bdc method=com.android.dx.ssa.LiteralOpUpgrader.tryReplacingWithConstant(Lcom/android/dx/ssa/NormalSsaInsn;)Z @ 62
Event: 15.966 Thread 0x000000001953b800 Uncommon trap: reason=unstable_if action=reinterpret pc=0x0000000002f4539c method=com.android.dx.cf.code.OneLocalsArray.set(ILcom/android/dx/rop/type/TypeBearer;)V @ 93
Event: 16.408 Thread 0x0000000019494000 Uncommon trap: reason=unstable_if action=reinterpret pc=0x0000000002d74d48 method=java.util.HashMap.getNode(ILjava/lang/Object;)Ljava/util/HashMap$Node; @ 84

Internal exceptions (9 events):
Event: 0.038 Thread 0x000000000236e800 Exception <a 'java/lang/NoSuchMethodError': Method sun.misc.Unsafe.defineClass(Ljava/lang/String;[BII)Ljava/lang/Class; name or signature does not match> (0x00000000d558d868) thrown at [C:\re\workspace\8-2-build-windows-amd64-cygwin\jdk8u45\3627\hotspot\srTØ•L‚£?
Event: 0.038 Thread 0x000000000236e800 Exception <a 'java/lang/NoSuchMethodError': Method sun.misc.Unsafe.prefetchRead(Ljava/lang/Object;J)V name or signature does not match> (0x00000000d558daf8) thrown at [C:\re\workspace\8-2-build-windows-amd64-cygwin\jdk8u45\3627\hotspot\src\share\vm\prims\jðÌìÒïbô?
Event: 1.274 Thread 0x0000000019494000 Implicit null exception at 0x0000000002aedb32 to 0x0000000002aef1e9
Event: 1.299 Thread 0x0000000018ea3800 Implicit null exception at 0x00000000029fd062 to 0x00000000029fd161
Event: 1.588 Thread 0x0000000019472800 Implicit null exception at 0x0000000002ae1570 to 0x0000000002ae29d5
Event: 1.811 Thread 0x0000000018ea3800 Implicit null exception at 0x0000000002bcf550 to 0x0000000002bcf6c1
Event: 2.175 Thread 0x0000000019472800 Exception <a 'java/lang/ArrayIndexOutOfBoundsException': 18> (0x00000000d81398e0) thrown at [C:\re\workspace\8-2-build-windows-amd64-cygwin\jdk8u45\3627\hotspot\src\share\vm\interpreter\interpreterRuntime.cpp, line 366]
Event: 2.175 Thread 0x0000000019472800 Exception <a 'java/lang/ArrayIndexOutOfBoundsException': 145> (0x00000000d813b3b0) thrown at [C:\re\workspace\8-2-build-windows-amd64-cygwin\jdk8u45\3627\hotspot\src\share\vm\interpreter\interpreterRuntime.cpp, line 366]
Event: 2.177 Thread 0x0000000019472800 Exception <a 'java/lang/ArrayIndexOutOfBoundsException'> (0x00000000d813c5e8) thrown at [C:\re\workspace\8-2-build-windows-amd64-cygwin\jdk8u45\3627\hotspot\src\share\vm\runtime\sharedRuntime.cpp, line 605]

Events (10 events):
Event: 15.544 Thread 0x0000000019472800 DEOPT PACKING pc=0x0000000002f2b61b sp=0x000000001ac8e950
Event: 15.544 Thread 0x0000000019472800 DEOPT UNPACKING pc=0x000000000268787f sp=0x000000001ac8e6e0 mode 0
Event: 15.966 Thread 0x000000001953b800 Uncommon trap: trap_request=0xffffff65 fr.pc=0x0000000002f4539c
Event: 15.966 Thread 0x000000001953b800 DEOPT PACKING pc=0x0000000002f4539c sp=0x000000001ad8dd40
Event: 15.966 Thread 0x000000001953b800 DEOPT UNPACKING pc=0x000000000268582a sp=0x000000001ad8dc78 mode 2
Event: 16.408 Thread 0x0000000019494000 Uncommon trap: trap_request=0xffffff65 fr.pc=0x0000000002d74d48
Event: 16.408 Thread 0x0000000019494000 DEOPT PACKING pc=0x0000000002d74d48 sp=0x000000001ab8e850
Event: 16.408 Thread 0x0000000019494000 DEOPT UNPACKING pc=0x000000000268582a sp=0x000000001ab8e5f8 mode 2
Event: 16.423 Executing VM operation: ParallelGCFailedAllocation
Event: 16.627 Executing VM operation: ParallelGCFailedAllocation done


Dynamic libraries:
0x00007ff65f0f0000 - 0x00007ff65f127000 	C:\Program Files\Java\jdk1.8.0_45\bin\java.exe
0x00007ff897d80000 - 0x00007ff897f2d000 	C:\Windows\SYSTEM32\ntdll.dll
0x00007ff895b40000 - 0x00007ff895c7e000 	C:\Windows\system32\KERNEL32.DLL
0x00007ff8950b0000 - 0x00007ff8951c5000 	C:\Windows\system32\KERNELBASE.dll
0x00007ff893a40000 - 0x00007ff893ace000 	C:\Windows\system32\apphelp.dll
0x00007ff87fcf0000 - 0x00007ff87fd43000 	C:\Windows\AppPatch\AppPatch64\AcGenral.DLL
0x00007ff895530000 - 0x00007ff8955da000 	C:\Windows\system32\msvcrt.dll
0x00007ff894fd0000 - 0x00007ff894ffe000 	C:\Windows\system32\SspiCli.dll
0x00007ff897350000 - 0x00007ff8973a4000 	C:\Windows\system32\SHLWAPI.dll
0x00007ff897c00000 - 0x00007ff897d77000 	C:\Windows\system32\USER32.dll
0x00007ff8959a0000 - 0x00007ff895b34000 	C:\Windows\system32\ole32.dll
0x00007ff895c80000 - 0x00007ff8971aa000 	C:\Windows\system32\SHELL32.dll
0x00007ff8944c0000 - 0x00007ff8944e1000 	C:\Windows\SYSTEM32\USERENV.dll
0x00007ff895480000 - 0x00007ff89552a000 	C:\Windows\system32\ADVAPI32.dll
0x00007ff886bb0000 - 0x00007ff886bce000 	C:\Windows\SYSTEM32\MPR.dll
0x00007ff897210000 - 0x00007ff897350000 	C:\Windows\system32\RPCRT4.dll
0x00007ff895410000 - 0x00007ff895469000 	C:\Windows\SYSTEM32\sechost.dll
0x00007ff897760000 - 0x00007ff897971000 	C:\Windows\SYSTEM32\combase.dll
0x00007ff895850000 - 0x00007ff8959a0000 	C:\Windows\system32\GDI32.dll
0x00007ff894eb0000 - 0x00007ff894ec5000 	C:\Windows\SYSTEM32\profapi.dll
0x00007ff8933f0000 - 0x00007ff8934a2000 	C:\Windows\SYSTEM32\SHCORE.dll
0x00007ff8979e0000 - 0x00007ff897a16000 	C:\Windows\system32\IMM32.DLL
0x00007ff8974e0000 - 0x00007ff897632000 	C:\Windows\system32\MSCTF.dll
0x00007ff894e60000 - 0x00007ff894e91000 	C:\Windows\system32\nvinitx.dll
0x00007ff88ff60000 - 0x00007ff89005c000 	C:\Windows\system32\NV\igdumdim64.dll
0x00007ff897a20000 - 0x00007ff897bfa000 	C:\Windows\system32\SETUPAPI.dll
0x00007ff894f80000 - 0x00007ff894fcf000 	C:\Windows\system32\CFGMGR32.dll
0x00007ff88dfe0000 - 0x00007ff88e0dc000 	C:\Windows\system32\NV\igd10iumd64.dll
0x00007ff892d70000 - 0x00007ff892feb000 	C:\Windows\WinSxS\amd64_microsoft.windows.common-controls_6595b64144ccf1df_6.0.9600.18006_none_623f33d3ecbe86e8\COMCTL32.dll
0x00000000554f0000 - 0x00000000555c2000 	C:\Program Files\Java\jdk1.8.0_45\jre\bin\msvcr100.dll
0x00000000558b0000 - 0x0000000056133000 	C:\Program Files\Java\jdk1.8.0_45\jre\bin\server\jvm.dll
0x00007ff892760000 - 0x00007ff892769000 	C:\Windows\SYSTEM32\WSOCK32.dll
0x00007ff8921d0000 - 0x00007ff8921f2000 	C:\Windows\SYSTEM32\WINMM.dll
0x00007ff892200000 - 0x00007ff89220a000 	C:\Windows\SYSTEM32\VERSION.dll
0x00007ff895470000 - 0x00007ff895477000 	C:\Windows\system32\PSAPI.DLL
0x00007ff897980000 - 0x00007ff8979da000 	C:\Windows\system32\WS2_32.dll
0x00007ff8913f0000 - 0x00007ff89141a000 	C:\Windows\SYSTEM32\WINMMBASE.dll
0x00007ff897640000 - 0x00007ff897649000 	C:\Windows\system32\NSI.dll
0x00007ff893c90000 - 0x00007ff893cb8000 	C:\Windows\SYSTEM32\DEVOBJ.dll
0x0000000056250000 - 0x000000005625f000 	C:\Program Files\Java\jdk1.8.0_45\jre\bin\verify.dll
0x0000000056220000 - 0x0000000056249000 	C:\Program Files\Java\jdk1.8.0_45\jre\bin\java.dll
0x0000000056200000 - 0x0000000056216000 	C:\Program Files\Java\jdk1.8.0_45\jre\bin\zip.dll
0x00007ff88a290000 - 0x00007ff88a419000 	C:\Windows\SYSTEM32\dbghelp.dll

VM Arguments:
jvm_args: -Xmx2g -Dfile.encoding=windows-1252 -Duser.country=US -Duser.language=en -Duser.variant 
java_command: com.android.dx.command.Main --dex --num-threads=4 --multi-dex --main-dex-list C:\Users\yassin baccour\Desktop\AllahWaterRipple\app\build\intermediates\multi-dex\debug\maindexlist.txt --output C:\Users\yassin baccour\Desktop\AllahWaterRipple\app\build\intermediates\dex\debug C:\Users\yassin baccour\Desktop\AllahWaterRipple\app\build\intermediates\multi-dex\debug\allclasses.jar
java_class_path (initial): C:\android-sdk\build-tools\23.0.3\lib\dx.jar
Launcher Type: SUN_STANDARD

Environment Variables:
JAVA_HOME=C:\Program Files\Java\jdk1.8.0_45\jre
PATH=C:\ProgramData\Oracle\Java\javapath;C:\Program Files (x86)\NVIDIA Corporation\PhysX\Common;C:\Program Files (x86)\Intel\iCLS Client\;C:\Program Files\Intel\iCLS Client\;C:\Windows\system32;C:\Windows;C:\Windows\System32\Wbem;C:\Windows\System32\WindowsPowerShell\v1.0\;C:\Program Files\Intel\Intel(R) Management Engine Components\DAL;C:\Program Files (x86)\Intel\Intel(R) Management Engine Components\DAL;C:\Program Files\Intel\Intel(R) Management Engine Components\IPT;C:\Program Files (x86)\Intel\Intel(R) Management Engine Components\IPT;C:\Program Files (x86)\Windows Kits\8.1\Windows Performance Toolkit\;C:\Program Files\Microsoft SQL Server\110\Tools\Binn\;C:\Program Files\Microsoft\Web Platform Installer\;C:\Program Files (x86)\GtkSharp\2.12\bin;C:\Program Files (x86)\Microsoft Team Foundation Server 2013 Power Tools\;C:\Program Files (x86)\Microsoft SDKs\TypeScript\1.4\;C:\Program Files (x86)\Microsoft SDKs\TypeScript\1.1\;C:\Program Files (x86)\Java\jre1.8.0_45\bin;C:\Program Files (x86)\Java\jdk1.8.0_45\bin;C:\Program Files\Java\jre1.8.0_45\bin;C:\Program Files\Java\jdk1.8.0_45\bin;C:\Program Files (x86)\Windows Live\Shared;C:\openssl;C:\openssl\bin;C:\Program Files (x86)\Skype\Phone\;C:\Program Files (x86)\Microsoft SDKs\TypeScript\1.0\;C:\Program Files\Microsoft SQL Server\120\Tools\Binn\;C:\Program Files (x86)\HMA! Pro VPN\bin
USERNAME=yassin baccour
OS=Windows_NT
PROCESSOR_IDENTIFIER=Intel64 Family 6 Model 58 Stepping 9, GenuineIntel



---------------  S Y S T E M  ---------------

OS: Windows 8.1 , 64 bit Build 9600 (6.3.9600.17415)

CPU:total 4 (2 cores per cpu, 2 threads per core) family 6 model 58 stepping 9, cmov, cx8, fxsr, mmx, sse, sse2, sse3, ssse3, sse4.1, sse4.2, popcnt, avx, aes, clmul, erms, ht, tsc, tscinvbit, tscinv

Memory: 4k page, physical 8288616k(784332k free), swap 11434344k(7972k free)

vm_info: Java HotSpot(TM) 64-Bit Server VM (25.45-b02) for windows-amd64 JRE (1.8.0_45-b15), built on Apr 30 2015 12:40:44 by "java_re" with MS VC++ 10.0 (VS2010)

time: Tue Jun 14 23:28:54 2016
elapsed time: 17 seconds (0d 0h 0m 17s)

