#
# There is insufficient memory for the Java Runtime Environment to continue.
# Native memory allocation (malloc) failed to allocate 32744 bytes for ChunkPool::allocate
# Possible reasons:
#   The system is out of physical RAM or swap space
#   In 32 bit mode, the process size limit was hit
# Possible solutions:
#   Reduce memory load on the system
#   Increase physical memory or swap space
#   Check if swap backing store is full
#   Use 64 bit Java on a 64 bit OS
#   Decrease Java heap size (-Xmx/-Xms)
#   Decrease number of Java threads
#   Decrease Java thread stack sizes (-Xss)
#   Set larger code cache with -XX:ReservedCodeCacheSize=
# This output file may be truncated or incomplete.
#
#  Out of Memory Error (allocation.cpp:273), pid=6336, tid=11424
#
# JRE version: Java(TM) SE Runtime Environment (8.0_45-b15) (build 1.8.0_45-b15)
# Java VM: Java HotSpot(TM) 64-Bit Server VM (25.45-b02 mixed mode windows-amd64 compressed oops)
# Failed to write core dump. Minidumps are not enabled by default on client versions of Windows
#

---------------  T H R E A D  ---------------

Current thread (0x000000001704e800):  JavaThread "C2 CompilerThread0" daemon [_thread_in_native, id=11424, stack(0x00000000185b0000,0x00000000186b0000)]

Stack: [0x00000000185b0000,0x00000000186b0000]
Native frames: (J=compiled Java code, j=interpreted, Vv=VM code, C=native code)
V  [jvm.dll+0x32b57a]
V  [jvm.dll+0x279873]
V  [jvm.dll+0x27a509]
V  [jvm.dll+0x271825]
V  [jvm.dll+0xcb804]
V  [jvm.dll+0xcba27]
V  [jvm.dll+0xcbeac]
V  [jvm.dll+0x5079a6]
V  [jvm.dll+0x45f646]
V  [jvm.dll+0x46a73b]
V  [jvm.dll+0x46cd52]
V  [jvm.dll+0x4500f2]
V  [jvm.dll+0xa4352]
V  [jvm.dll+0xa4c8f]
V  [jvm.dll+0x241984]
V  [jvm.dll+0x29853a]
C  [msvcr100.dll+0x21d9f]
C  [msvcr100.dll+0x21e3b]
C  [KERNEL32.DLL+0x13d2]
C  [ntdll.dll+0x154e4]


Current CompileTask:
C2:  41093 3078   !   4       com.android.dx.dex.cf.CfTranslator::processMethods (583 bytes)


---------------  P R O C E S S  ---------------

Java Threads: ( => current thread )
  0x000000001918f000 JavaThread "pool-1-thread-1" [_thread_in_Java, id=5312, stack(0x000000001c1a0000,0x000000001c2a0000)]
  0x0000000019191000 JavaThread "pool-2-thread-4" [_thread_in_vm, id=3868, stack(0x000000001aa80000,0x000000001ab80000)]
  0x0000000019190800 JavaThread "pool-2-thread-3" [_thread_blocked, id=10336, stack(0x000000001a980000,0x000000001aa80000)]
  0x000000001939a800 JavaThread "pool-2-thread-2" [_thread_in_Java, id=5124, stack(0x000000001a880000,0x000000001a980000)]
  0x0000000019398000 JavaThread "pool-3-thread-1" [_thread_blocked, id=9124, stack(0x000000001a780000,0x000000001a880000)]
  0x0000000019559000 JavaThread "pool-2-thread-1" [_thread_blocked, id=12404, stack(0x000000001a680000,0x000000001a780000)]
  0x00000000170ae000 JavaThread "Service Thread" daemon [_thread_blocked, id=7908, stack(0x0000000018cb0000,0x0000000018db0000)]
  0x0000000017058000 JavaThread "C1 CompilerThread2" daemon [_thread_blocked, id=7288, stack(0x00000000187b0000,0x00000000188b0000)]
  0x0000000017051000 JavaThread "C2 CompilerThread1" daemon [_thread_in_native, id=12564, stack(0x00000000186b0000,0x00000000187b0000)]
=>0x000000001704e800 JavaThread "C2 CompilerThread0" daemon [_thread_in_native, id=11424, stack(0x00000000185b0000,0x00000000186b0000)]
  0x000000001704d000 JavaThread "Attach Listener" daemon [_thread_blocked, id=6368, stack(0x00000000184b0000,0x00000000185b0000)]
  0x000000001704b800 JavaThread "Signal Dispatcher" daemon [_thread_blocked, id=9468, stack(0x00000000183b0000,0x00000000184b0000)]
  0x0000000002427000 JavaThread "Finalizer" daemon [_thread_blocked, id=9408, stack(0x00000000182b0000,0x00000000183b0000)]
  0x000000000241e000 JavaThread "Reference Handler" daemon [_thread_blocked, id=5544, stack(0x00000000181b0000,0x00000000182b0000)]
  0x000000000222e800 JavaThread "main" [_thread_blocked, id=8448, stack(0x0000000002230000,0x0000000002330000)]

Other Threads:
  0x0000000017017800 VMThread [stack: 0x00000000180b0000,0x00000000181b0000] [id=5180]
  0x00000000188d9000 WatcherThread [stack: 0x0000000018db0000,0x0000000018eb0000] [id=10124]

VM state:not at safepoint (normal execution)

VM Mutex/Monitor currently owned by a thread: None

Heap:
 PSYoungGen      total 462848K, used 315867K [0x00000000d5580000, 0x00000000fff80000, 0x0000000100000000)
  eden space 247808K, 70% used [0x00000000d5580000,0x00000000e01247d8,0x00000000e4780000)
  from space 215040K, 65% used [0x00000000e4780000,0x00000000ed052548,0x00000000f1980000)
  to   space 219136K, 0% used [0x00000000f2980000,0x00000000f2980000,0x00000000fff80000)
 ParOldGen       total 1203712K, used 789329K [0x0000000080000000, 0x00000000c9780000, 0x00000000d5580000)
  object space 1203712K, 65% used [0x0000000080000000,0x00000000b02d4530,0x00000000c9780000)
 Metaspace       used 6623K, capacity 7320K, committed 7680K, reserved 1056768K
  class space    used 619K, capacity 656K, committed 768K, reserved 1048576K

Card table byte_map: [0x00000000117f0000,0x0000000011c00000] byte_map_base: 0x00000000113f0000

Marking Bits: (ParMarkBitMap*) 0x00000000560b4040
 Begin Bits: [0x00000000122b0000, 0x00000000142b0000)
 End Bits:   [0x00000000142b0000, 0x00000000162b0000)

Polling page: 0x0000000002160000

CodeCache: size=245760Kb used=10019Kb max_used=14464Kb free=235740Kb
 bounds [0x0000000002430000, 0x0000000003260000, 0x0000000011430000]
 total_blobs=2578 nmethods=2310 adapters=180
 compilation: enabled

Compilation events (10 events):
Event: 40.822 Thread 0x0000000017058000 3161       3       sun.reflect.generics.reflectiveObjects.ParameterizedTypeImpl::getRawType (5 bytes)
Event: 40.822 Thread 0x0000000017058000 nmethod 3161 0x00000000025316d0 code [0x0000000002531820, 0x0000000002531990]
Event: 40.822 Thread 0x0000000017058000 3162       3       sun.reflect.generics.reflectiveObjects.ParameterizedTypeImpl::getActualTypeArguments (11 bytes)
Event: 40.823 Thread 0x0000000017058000 nmethod 3162 0x00000000029603d0 code [0x0000000002960540, 0x0000000002960868]
Event: 40.826 Thread 0x0000000017058000 3163       1       com.android.dx.rop.cst.CstKnownNull::getLongBits (2 bytes)
Event: 40.826 Thread 0x0000000017058000 nmethod 3163 0x000000000315b710 code [0x000000000315b860, 0x000000000315b970]
Event: 40.853 Thread 0x0000000017058000 3164   !   3       com.android.dx.dex.file.UniformListItem::getAlignment (40 bytes)
Event: 40.854 Thread 0x0000000017058000 nmethod 3164 0x000000000289cc90 code [0x000000000289ce40, 0x000000000289d408]
Event: 40.865 Thread 0x0000000017058000 3165   !   3       java.util.zip.Inflater::setInput (74 bytes)
Event: 40.866 Thread 0x0000000017058000 nmethod 3165 0x0000000002b95b50 code [0x0000000002b95ce0, 0x0000000002b96258]

GC Heap History (10 events):
Event: 34.367 GC heap before
{Heap before GC invocations=24 (full 5):
 PSYoungGen      total 465920K, used 93933K [0x00000000d5580000, 0x0000000100000000, 0x0000000100000000)
  eden space 232960K, 0% used [0x00000000d5580000,0x00000000d5580000,0x00000000e3900000)
  from space 232960K, 40% used [0x00000000e3900000,0x00000000e94bb538,0x00000000f1c80000)
  to   space 232960K, 0% used [0x00000000f1c80000,0x00000000f1c80000,0x0000000100000000)
 ParOldGen       total 855552K, used 854041K [0x0000000080000000, 0x00000000b4380000, 0x00000000d5580000)
  object space 855552K, 99% used [0x0000000080000000,0x00000000b42067a8,0x00000000b4380000)
 Metaspace       used 6592K, capacity 7288K, committed 7552K, reserved 1056768K
  class space    used 616K, capacity 624K, committed 640K, reserved 1048576K
Event: 37.642 GC heap after
Heap after GC invocations=24 (full 5):
 PSYoungGen      total 465920K, used 0K [0x00000000d5580000, 0x0000000100000000, 0x0000000100000000)
  eden space 232960K, 0% used [0x00000000d5580000,0x00000000d5580000,0x00000000e3900000)
  from space 232960K, 0% used [0x00000000e3900000,0x00000000e3900000,0x00000000f1c80000)
  to   space 232960K, 0% used [0x00000000f1c80000,0x00000000f1c80000,0x0000000100000000)
 ParOldGen       total 1203712K, used 789321K [0x0000000080000000, 0x00000000c9780000, 0x00000000d5580000)
  object space 1203712K, 65% used [0x0000000080000000,0x00000000b02d2530,0x00000000c9780000)
 Metaspace       used 6592K, capacity 7288K, committed 7552K, reserved 1056768K
  class space    used 616K, capacity 624K, committed 640K, reserved 1048576K
}
Event: 38.267 GC heap before
{Heap before GC invocations=25 (full 5):
 PSYoungGen      total 465920K, used 232960K [0x00000000d5580000, 0x0000000100000000, 0x0000000100000000)
  eden space 232960K, 100% used [0x00000000d5580000,0x00000000e3900000,0x00000000e3900000)
  from space 232960K, 0% used [0x00000000e3900000,0x00000000e3900000,0x00000000f1c80000)
  to   space 232960K, 0% used [0x00000000f1c80000,0x00000000f1c80000,0x0000000100000000)
 ParOldGen       total 1203712K, used 789321K [0x0000000080000000, 0x00000000c9780000, 0x00000000d5580000)
  object space 1203712K, 65% used [0x0000000080000000,0x00000000b02d2530,0x00000000c9780000)
 Metaspace       used 6592K, capacity 7288K, committed 7552K, reserved 1056768K
  class space    used 616K, capacity 624K, committed 640K, reserved 1048576K
Event: 38.347 GC heap after
Heap after GC invocations=25 (full 5):
 PSYoungGen      total 461824K, used 100834K [0x00000000d5580000, 0x00000000ffc00000, 0x0000000100000000)
  eden space 232960K, 0% used [0x00000000d5580000,0x00000000d5580000,0x00000000e3900000)
  from space 228864K, 44% used [0x00000000f1c80000,0x00000000f7ef8b48,0x00000000ffc00000)
  to   space 230912K, 0% used [0x00000000e3900000,0x00000000e3900000,0x00000000f1a80000)
 ParOldGen       total 1203712K, used 789321K [0x0000000080000000, 0x00000000c9780000, 0x00000000d5580000)
  object space 1203712K, 65% used [0x0000000080000000,0x00000000b02d2530,0x00000000c9780000)
 Metaspace       used 6592K, capacity 7288K, committed 7552K, reserved 1056768K
  class space    used 616K, capacity 624K, committed 640K, reserved 1048576K
}
Event: 38.828 GC heap before
{Heap before GC invocations=26 (full 5):
 PSYoungGen      total 461824K, used 333794K [0x00000000d5580000, 0x00000000ffc00000, 0x0000000100000000)
  eden space 232960K, 100% used [0x00000000d5580000,0x00000000e3900000,0x00000000e3900000)
  from space 228864K, 44% used [0x00000000f1c80000,0x00000000f7ef8b48,0x00000000ffc00000)
  to   space 230912K, 0% used [0x00000000e3900000,0x00000000e3900000,0x00000000f1a80000)
 ParOldGen       total 1203712K, used 789321K [0x0000000080000000, 0x00000000c9780000, 0x00000000d5580000)
  object space 1203712K, 65% used [0x0000000080000000,0x00000000b02d2530,0x00000000c9780000)
 Metaspace       used 6592K, capacity 7288K, committed 7552K, reserved 1056768K
  class space    used 616K, capacity 624K, committed 640K, reserved 1048576K
Event: 38.927 GC heap after
Heap after GC invocations=26 (full 5):
 PSYoungGen      total 298496K, used 65148K [0x00000000d5580000, 0x00000000ff400000, 0x0000000100000000)
  eden space 232960K, 0% used [0x00000000d5580000,0x00000000d5580000,0x00000000e3900000)
  from space 65536K, 99% used [0x00000000e3900000,0x00000000e789f200,0x00000000e7900000)
  to   space 223744K, 0% used [0x00000000f1980000,0x00000000f1980000,0x00000000ff400000)
 ParOldGen       total 1203712K, used 789321K [0x0000000080000000, 0x00000000c9780000, 0x00000000d5580000)
  object space 1203712K, 65% used [0x0000000080000000,0x00000000b02d2530,0x00000000c9780000)
 Metaspace       used 6592K, capacity 7288K, committed 7552K, reserved 1056768K
  class space    used 616K, capacity 624K, committed 640K, reserved 1048576K
}
Event: 39.624 GC heap before
{Heap before GC invocations=27 (full 5):
 PSYoungGen      total 298496K, used 298108K [0x00000000d5580000, 0x00000000ff400000, 0x0000000100000000)
  eden space 232960K, 100% used [0x00000000d5580000,0x00000000e3900000,0x00000000e3900000)
  from space 65536K, 99% used [0x00000000e3900000,0x00000000e789f200,0x00000000e7900000)
  to   space 223744K, 0% used [0x00000000f1980000,0x00000000f1980000,0x00000000ff400000)
 ParOldGen       total 1203712K, used 789321K [0x0000000080000000, 0x00000000c9780000, 0x00000000d5580000)
  object space 1203712K, 65% used [0x0000000080000000,0x00000000b02d2530,0x00000000c9780000)
 Metaspace       used 6595K, capacity 7288K, committed 7552K, reserved 1056768K
  class space    used 616K, capacity 624K, committed 640K, reserved 1048576K
Event: 39.846 GC heap after
Heap after GC invocations=27 (full 5):
 PSYoungGen      total 471552K, used 106198K [0x00000000d5580000, 0x0000000100000000, 0x0000000100000000)
  eden space 247808K, 0% used [0x00000000d5580000,0x00000000d5580000,0x00000000e4780000)
  from space 223744K, 47% used [0x00000000f1980000,0x00000000f81358d0,0x00000000ff400000)
  to   space 215040K, 0% used [0x00000000e4780000,0x00000000e4780000,0x00000000f1980000)
 ParOldGen       total 1203712K, used 789321K [0x0000000080000000, 0x00000000c9780000, 0x00000000d5580000)
  object space 1203712K, 65% used [0x0000000080000000,0x00000000b02d2530,0x00000000c9780000)
 Metaspace       used 6595K, capacity 7288K, committed 7552K, reserved 1056768K
  class space    used 616K, capacity 624K, committed 640K, reserved 1048576K
}
Event: 40.487 GC heap before
{Heap before GC invocations=28 (full 5):
 PSYoungGen      total 471552K, used 354006K [0x00000000d5580000, 0x0000000100000000, 0x0000000100000000)
  eden space 247808K, 100% used [0x00000000d5580000,0x00000000e4780000,0x00000000e4780000)
  from space 223744K, 47% used [0x00000000f1980000,0x00000000f81358d0,0x00000000ff400000)
  to   space 215040K, 0% used [0x00000000e4780000,0x00000000e4780000,0x00000000f1980000)
 ParOldGen       total 1203712K, used 789321K [0x0000000080000000, 0x00000000c9780000, 0x00000000d5580000)
  object space 1203712K, 65% used [0x0000000080000000,0x00000000b02d2530,0x00000000c9780000)
 Metaspace       used 6595K, capacity 7288K, committed 7552K, reserved 1056768K
  class space    used 616K, capacity 624K, committed 640K, reserved 1048576K
Event: 40.662 GC heap after
Heap after GC invocations=28 (full 5):
 PSYoungGen      total 462848K, used 140105K [0x00000000d5580000, 0x00000000fff80000, 0x0000000100000000)
  eden space 247808K, 0% used [0x00000000d5580000,0x00000000d5580000,0x00000000e4780000)
  from space 215040K, 65% used [0x00000000e4780000,0x00000000ed052548,0x00000000f1980000)
  to   space 219136K, 0% used [0x00000000f2980000,0x00000000f2980000,0x00000000fff80000)
 ParOldGen       total 1203712K, used 789329K [0x0000000080000000, 0x00000000c9780000, 0x00000000d5580000)
  object space 1203712K, 65% used [0x0000000080000000,0x00000000b02d4530,0x00000000c9780000)
 Metaspace       used 6595K, capacity 7288K, committed 7552K, reserved 1056768K
  class space    used 616K, capacity 624K, committed 640K, reserved 1048576K
}

Deoptimization events (10 events):
Event: 32.876 Thread 0x000000001939a800 Uncommon trap: reason=class_check action=maybe_recompile pc=0x0000000003134608 method=com.android.dx.util.BitIntSet.merge(Lcom/android/dx/util/IntSet;)V @ 1
Event: 32.881 Thread 0x000000001939a800 Uncommon trap: reason=class_check action=maybe_recompile pc=0x0000000002d4f308 method=com.android.dx.ssa.back.InterferenceGraph.mergeInterferenceSet(ILcom/android/dx/util/IntSet;)V @ 20
Event: 32.881 Thread 0x000000001939a800 Uncommon trap: reason=class_check action=maybe_recompile pc=0x0000000003134608 method=com.android.dx.util.BitIntSet.merge(Lcom/android/dx/util/IntSet;)V @ 1
Event: 33.239 Thread 0x000000000222e800 Uncommon trap: reason=class_check action=maybe_recompile pc=0x0000000002550090 method=com.android.dx.rop.cst.CstLiteral64.equals(Ljava/lang/Object;)Z @ 20
Event: 33.239 Thread 0x000000000222e800 Uncommon trap: reason=class_check action=maybe_recompile pc=0x0000000002550090 method=com.android.dx.rop.cst.CstLiteral64.equals(Ljava/lang/Object;)Z @ 20
Event: 33.239 Thread 0x000000000222e800 Uncommon trap: reason=class_check action=maybe_recompile pc=0x0000000002550090 method=com.android.dx.rop.cst.CstLiteral64.equals(Ljava/lang/Object;)Z @ 20
Event: 33.239 Thread 0x000000000222e800 Uncommon trap: reason=class_check action=maybe_recompile pc=0x0000000002550090 method=com.android.dx.rop.cst.CstLiteral64.equals(Ljava/lang/Object;)Z @ 20
Event: 38.715 Thread 0x000000001939a800 Uncommon trap: reason=bimorphic action=maybe_recompile pc=0x000000000325042c method=com.android.dx.cf.code.BytecodeArray.parseInstruction(ILcom/android/dx/cf/code/BytecodeArray$Visitor;)I @ 1357
Event: 38.716 Thread 0x000000001939a800 Uncommon trap: reason=bimorphic action=maybe_recompile pc=0x000000000325042c method=com.android.dx.cf.code.BytecodeArray.parseInstruction(ILcom/android/dx/cf/code/BytecodeArray$Visitor;)I @ 1357
Event: 40.322 Thread 0x000000000222e800 Uncommon trap: reason=unstable_if action=reinterpret pc=0x00000000031a5970 method=com.android.dx.ssa.SCCP.simulateStmt(Lcom/android/dx/ssa/SsaInsn;)V @ 435

Internal exceptions (10 events):
Event: 0.033 Thread 0x000000000222e800 Exception <a 'java/lang/NoSuchMethodError': Method sun.misc.Unsafe.prefetchRead(Ljava/lang/Object;J)V name or signature does not match> (0x00000000d558daf8) thrown at [C:\re\workspace\8-2-build-windows-amd64-cygwin\jdk8u45\3627\hotspot\src\share\vm\prims\j}Â¾)êÆó?
Event: 1.236 Thread 0x000000001939a800 Implicit null exception at 0x000000000296219b to 0x0000000002964ca1
Event: 1.247 Thread 0x000000001939a800 Implicit null exception at 0x0000000002958322 to 0x0000000002958412
Event: 1.436 Thread 0x0000000019191000 Implicit null exception at 0x00000000028f48b1 to 0x00000000028f71d9
Event: 1.666 Thread 0x0000000019559000 Exception <a 'java/lang/ArrayIndexOutOfBoundsException': 18> (0x00000000d833e960) thrown at [C:\re\workspace\8-2-build-windows-amd64-cygwin\jdk8u45\3627\hotspot\src\share\vm\interpreter\interpreterRuntime.cpp, line 366]
Event: 1.667 Thread 0x0000000019559000 Exception <a 'java/lang/ArrayIndexOutOfBoundsException': 145> (0x00000000d8340430) thrown at [C:\re\workspace\8-2-build-windows-amd64-cygwin\jdk8u45\3627\hotspot\src\share\vm\interpreter\interpreterRuntime.cpp, line 366]
Event: 1.668 Thread 0x0000000019559000 Exception <a 'java/lang/ArrayIndexOutOfBoundsException'> (0x00000000d8341668) thrown at [C:\re\workspace\8-2-build-windows-amd64-cygwin\jdk8u45\3627\hotspot\src\share\vm\runtime\sharedRuntime.cpp, line 605]
Event: 13.379 Thread 0x000000000222e800 Implicit null exception at 0x00000000025c16b8 to 0x00000000025c1ae9
Event: 17.306 Thread 0x000000001939a800 Implicit null exception at 0x0000000002ff7d04 to 0x0000000002ffcdb9
Event: 30.319 Thread 0x0000000019191000 Implicit null exception at 0x0000000002a1f768 to 0x0000000002a20b49

Events (10 events):
Event: 38.716 Thread 0x000000001939a800 DEOPT UNPACKING pc=0x000000000247582a sp=0x000000001a97eb98 mode 2
Event: 38.828 Executing VM operation: ParallelGCFailedAllocation
Event: 38.927 Executing VM operation: ParallelGCFailedAllocation done
Event: 39.621 Executing VM operation: ParallelGCFailedAllocation
Event: 39.846 Executing VM operation: ParallelGCFailedAllocation done
Event: 40.322 Thread 0x000000000222e800 Uncommon trap: trap_request=0xffffff65 fr.pc=0x00000000031a5970
Event: 40.322 Thread 0x000000000222e800 DEOPT PACKING pc=0x00000000031a5970 sp=0x000000000232e580
Event: 40.322 Thread 0x000000000222e800 DEOPT UNPACKING pc=0x000000000247582a sp=0x000000000232e4f8 mode 2
Event: 40.487 Executing VM operation: ParallelGCFailedAllocation
Event: 40.662 Executing VM operation: ParallelGCFailedAllocation done


Dynamic libraries:
0x00007ff65f0f0000 - 0x00007ff65f127000 	C:\Program Files\Java\jdk1.8.0_45\bin\java.exe
0x00007ff897d80000 - 0x00007ff897f2d000 	C:\Windows\SYSTEM32\ntdll.dll
0x00007ff895b40000 - 0x00007ff895c7e000 	C:\Windows\system32\KERNEL32.DLL
0x00007ff8950b0000 - 0x00007ff8951c5000 	C:\Windows\system32\KERNELBASE.dll
0x00007ff893a40000 - 0x00007ff893ace000 	C:\Windows\system32\apphelp.dll
0x00007ff87fcf0000 - 0x00007ff87fd43000 	C:\Windows\AppPatch\AppPatch64\AcGenral.DLL
0x00007ff895530000 - 0x00007ff8955da000 	C:\Windows\system32\msvcrt.dll
0x00007ff894fd0000 - 0x00007ff894ffe000 	C:\Windows\system32\SspiCli.dll
0x00007ff897350000 - 0x00007ff8973a4000 	C:\Windows\system32\SHLWAPI.dll
0x00007ff897c00000 - 0x00007ff897d77000 	C:\Windows\system32\USER32.dll
0x00007ff8959a0000 - 0x00007ff895b34000 	C:\Windows\system32\ole32.dll
0x00007ff895c80000 - 0x00007ff8971aa000 	C:\Windows\system32\SHELL32.dll
0x00007ff8944c0000 - 0x00007ff8944e1000 	C:\Windows\SYSTEM32\USERENV.dll
0x00007ff895480000 - 0x00007ff89552a000 	C:\Windows\system32\ADVAPI32.dll
0x00007ff886bb0000 - 0x00007ff886bce000 	C:\Windows\SYSTEM32\MPR.dll
0x00007ff897210000 - 0x00007ff897350000 	C:\Windows\system32\RPCRT4.dll
0x00007ff895410000 - 0x00007ff895469000 	C:\Windows\SYSTEM32\sechost.dll
0x00007ff897760000 - 0x00007ff897971000 	C:\Windows\SYSTEM32\combase.dll
0x00007ff895850000 - 0x00007ff8959a0000 	C:\Windows\system32\GDI32.dll
0x00007ff894eb0000 - 0x00007ff894ec5000 	C:\Windows\SYSTEM32\profapi.dll
0x00007ff8933f0000 - 0x00007ff8934a2000 	C:\Windows\SYSTEM32\SHCORE.dll
0x00007ff8979e0000 - 0x00007ff897a16000 	C:\Windows\system32\IMM32.DLL
0x00007ff8974e0000 - 0x00007ff897632000 	C:\Windows\system32\MSCTF.dll
0x00007ff894e60000 - 0x00007ff894e91000 	C:\Windows\system32\nvinitx.dll
0x00007ff88ff60000 - 0x00007ff89005c000 	C:\Windows\system32\NV\igdumdim64.dll
0x00007ff897a20000 - 0x00007ff897bfa000 	C:\Windows\system32\SETUPAPI.dll
0x00007ff894f80000 - 0x00007ff894fcf000 	C:\Windows\system32\CFGMGR32.dll
0x00007ff88dfe0000 - 0x00007ff88e0dc000 	C:\Windows\system32\NV\igd10iumd64.dll
0x00007ff892d70000 - 0x00007ff892feb000 	C:\Windows\WinSxS\amd64_microsoft.windows.common-controls_6595b64144ccf1df_6.0.9600.18006_none_623f33d3ecbe86e8\COMCTL32.dll
0x0000000055430000 - 0x0000000055502000 	C:\Program Files\Java\jdk1.8.0_45\jre\bin\msvcr100.dll
0x00000000558b0000 - 0x0000000056133000 	C:\Program Files\Java\jdk1.8.0_45\jre\bin\server\jvm.dll
0x00007ff8930c0000 - 0x00007ff8930c9000 	C:\Windows\SYSTEM32\WSOCK32.dll
0x00007ff8921d0000 - 0x00007ff8921f2000 	C:\Windows\SYSTEM32\WINMM.dll
0x00007ff892200000 - 0x00007ff89220a000 	C:\Windows\SYSTEM32\VERSION.dll
0x00007ff895470000 - 0x00007ff895477000 	C:\Windows\system32\PSAPI.DLL
0x00007ff897980000 - 0x00007ff8979da000 	C:\Windows\system32\WS2_32.dll
0x00007ff8913f0000 - 0x00007ff89141a000 	C:\Windows\SYSTEM32\WINMMBASE.dll
0x00007ff897640000 - 0x00007ff897649000 	C:\Windows\system32\NSI.dll
0x00007ff893c90000 - 0x00007ff893cb8000 	C:\Windows\SYSTEM32\DEVOBJ.dll
0x00000000558a0000 - 0x00000000558af000 	C:\Program Files\Java\jdk1.8.0_45\jre\bin\verify.dll
0x0000000055870000 - 0x0000000055899000 	C:\Program Files\Java\jdk1.8.0_45\jre\bin\java.dll
0x0000000055850000 - 0x0000000055866000 	C:\Program Files\Java\jdk1.8.0_45\jre\bin\zip.dll
0x00007ff88a290000 - 0x00007ff88a419000 	C:\Windows\SYSTEM32\dbghelp.dll

VM Arguments:
jvm_args: -Xmx2g -Dfile.encoding=windows-1252 -Duser.country=US -Duser.language=en -Duser.variant 
java_command: com.android.dx.command.Main --dex --num-threads=4 --multi-dex --main-dex-list C:\Users\yassin baccour\Desktop\AllahWaterRipple\app\build\intermediates\multi-dex\debug\maindexlist.txt --output C:\Users\yassin baccour\Desktop\AllahWaterRipple\app\build\intermediates\dex\debug C:\Users\yassin baccour\Desktop\AllahWaterRipple\app\build\intermediates\multi-dex\debug\allclasses.jar
java_class_path (initial): C:\android-sdk\build-tools\23.0.3\lib\dx.jar
Launcher Type: SUN_STANDARD

Environment Variables:
JAVA_HOME=C:\Program Files\Java\jdk1.8.0_45\jre
PATH=C:\ProgramData\Oracle\Java\javapath;C:\Program Files (x86)\NVIDIA Corporation\PhysX\Common;C:\Program Files (x86)\Intel\iCLS Client\;C:\Program Files\Intel\iCLS Client\;C:\Windows\system32;C:\Windows;C:\Windows\System32\Wbem;C:\Windows\System32\WindowsPowerShell\v1.0\;C:\Program Files\Intel\Intel(R) Management Engine Components\DAL;C:\Program Files (x86)\Intel\Intel(R) Management Engine Components\DAL;C:\Program Files\Intel\Intel(R) Management Engine Components\IPT;C:\Program Files (x86)\Intel\Intel(R) Management Engine Components\IPT;C:\Program Files (x86)\Windows Kits\8.1\Windows Performance Toolkit\;C:\Program Files\Microsoft SQL Server\110\Tools\Binn\;C:\Program Files\Microsoft\Web Platform Installer\;C:\Program Files (x86)\GtkSharp\2.12\bin;C:\Program Files (x86)\Microsoft Team Foundation Server 2013 Power Tools\;C:\Program Files (x86)\Microsoft SDKs\TypeScript\1.4\;C:\Program Files (x86)\Microsoft SDKs\TypeScript\1.1\;C:\Program Files (x86)\Java\jre1.8.0_45\bin;C:\Program Files (x86)\Java\jdk1.8.0_45\bin;C:\Program Files\Java\jre1.8.0_45\bin;C:\Program Files\Java\jdk1.8.0_45\bin;C:\Program Files (x86)\Windows Live\Shared;C:\openssl;C:\openssl\bin;C:\Program Files (x86)\Skype\Phone\;C:\Program Files (x86)\Microsoft SDKs\TypeScript\1.0\;C:\Program Files\Microsoft SQL Server\120\Tools\Binn\;C:\Program Files (x86)\HMA! Pro VPN\bin
USERNAME=yassin baccour
OS=Windows_NT
PROCESSOR_IDENTIFIER=Intel64 Family 6 Model 58 Stepping 9, GenuineIntel



---------------  S Y S T E M  ---------------

OS: Windows 8.1 , 64 bit Build 9600 (6.3.9600.17415)

CPU:total 4 (2 cores per cpu, 2 threads per core) family 6 model 58 stepping 9, cmov, cx8, fxsr, mmx, sse, sse2, sse3, ssse3, sse4.1, sse4.2, popcnt, avx, aes, clmul, erms, ht, tsc, tscinvbit, tscinv

Memory: 4k page, physical 8288616k(766368k free), swap 11434344k(5104k free)

vm_info: Java HotSpot(TM) 64-Bit Server VM (25.45-b02) for windows-amd64 JRE (1.8.0_45-b15), built on Apr 30 2015 12:40:44 by "java_re" with MS VC++ 10.0 (VS2010)

time: Mon Jun 13 13:51:48 2016
elapsed time: 41 seconds (0d 0h 0m 41s)

